Welcome to Minirel
1 --> Query:  create table stars(starid integer, real_name char(20), plays char(12), soapid integer);
2 --> Query:  insert into stars(starid, real_name, plays, soapid) values (1, Graham, Laura, Lorelei, 100);
starid  real_name        plays         soapid  
------  ---------------  ------------  ------  
1       Graham, Laura    Lorelei       100     

Number of records: 1
3 --> Query:  select * from stars;
starid.  real_name.1      plays.2       soapid.  
-------  ---------------  ------------  -------  

Number of records: 0
Buf Stats: accesses = 38, disk reads = 2, disk writes = 2

4 --> Query:  insert into stars (real_name, soapid, starid, plays) values (Bonarrigo, Laura, 3, 101, Cassie);
starid  real_name        plays         soapid  
------  ---------------  ------------  ------  
1       Graham, Laura    Lorelei       100     
101     Bonarrigo, Laur  Cassie        3       

Number of records: 2
5 --> Query:  select * from stars;
starid.  real_name.1      plays.2       soapid.  
-------  ---------------  ------------  -------  

Number of records: 0
Buf Stats: accesses = 38, disk reads = 1, disk writes = 3

6 --> Query:  select * from relcat;
relname.0        attrcnt  indexcn  
---------------  -------  -------  

Number of records: 0
Buf Stats: accesses = 31, disk reads = 1, disk writes = 3

7 --> Query:  select * from attrcat;
relname.0        attrname.1       attroff  attrtyp  attrlen  indexed  
---------------  ---------------  -------  -------  -------  -------  

Number of records: 0
Buf Stats: accesses = 46, disk reads = 1, disk writes = 3

8 --> Query:  drop table stars;
9 --> 