Welcome to Minirel
1 --> Query:  create table soaps(soapid integer, name char(32), network char(4), rating double);
2 --> Query:  create index soaps (soapid);
3 --> Query:  create index soaps (rating);
4 --> Query:  create index soaps (network);
5 --> Query:  insert into soaps (soapid, name, network, rating) values (100, Gilmore Girls, CBS, 9.67);
soapid* name             network  rating* 
------  ---------------  -------  ------  
100     Gilmore Girls    CBS      9.67    

Number of records: 1
6 --> Query:  select * from soaps;
soapid.  name.1           network.2  rating.  
-------  ---------------  ---------  -------  

Number of records: 0
Buf Stats: accesses = 39, disk reads = 1, disk writes = 3

7 --> Query:  insert into soaps (network, rating, name, soapid) values (ABC, 3.35, Loving, 101);
soapid* name             network  rating* 
------  ---------------  -------  ------  
100     Gilmore Girls    CBS      9.67    
101     Loving           ABC      3.35    

Number of records: 2
8 --> Query:  select * from soaps;
soapid.  name.1           network.2  rating.  
-------  ---------------  ---------  -------  

Number of records: 0
Buf Stats: accesses = 39, disk reads = 1, disk writes = 3

9 --> Query:  select * from relcat;
relname.0        attrcnt  indexcn  
---------------  -------  -------  

Number of records: 0
Buf Stats: accesses = 31, disk reads = 1, disk writes = 3

10 --> Query:  select * from attrcat;
relname.0        attrname.1       attroff  attrtyp  attrlen  indexed  
---------------  ---------------  -------  -------  -------  -------  

Number of records: 0
Buf Stats: accesses = 46, disk reads = 1, disk writes = 3

11 --> Query:  drop table soaps;
12 --> 